<?xml version="1.0" encoding="UTF-8"?>
<testng-results ignored="0" total="1" passed="1" failed="0" skipped="0">
  <reporter-output>
  </reporter-output>
  <suite started-at="2024-05-17T17:07:34 IST" name="Default suite" finished-at="2024-05-17T17:46:49 IST" duration-ms="2355177">
    <groups>
    </groups>
    <test started-at="2024-05-17T17:07:34 IST" name="Default test" finished-at="2024-05-17T17:46:49 IST" duration-ms="2355177">
      <class name="testScript.SubEscrowFetchTest">
        <test-method is-config="true" signature="classConfig()[pri:0, instance:testScript.SubEscrowFetchTest@738dc9b]" started-at="2024-05-17T17:07:34 IST" name="classConfig" finished-at="2024-05-17T17:07:35 IST" duration-ms="431" status="PASS">
          <reporter-output>
          </reporter-output>
        </test-method> <!-- classConfig -->
        <test-method is-config="true" signature="methodConfig()[pri:0, instance:testScript.SubEscrowFetchTest@738dc9b]" started-at="2024-05-17T17:07:35 IST" name="methodConfig" finished-at="2024-05-17T17:07:37 IST" duration-ms="1938" status="PASS">
          <reporter-output>
          </reporter-output>
        </test-method> <!-- methodConfig -->
        <test-method signature="fetchSubEscrow()[pri:0, instance:testScript.SubEscrowFetchTest@738dc9b]" started-at="2024-05-17T17:07:37 IST" name="fetchSubEscrow" finished-at="2024-05-17T17:46:49 IST" duration-ms="2352387" status="PASS">
          <reporter-output>
          </reporter-output>
        </test-method> <!-- fetchSubEscrow -->
        <test-method is-config="true" signature="methodTearDown()[pri:0, instance:testScript.SubEscrowFetchTest@738dc9b]" started-at="2024-05-17T17:46:49 IST" name="methodTearDown" finished-at="2024-05-17T17:46:49 IST" duration-ms="398" status="PASS">
          <reporter-output>
          </reporter-output>
        </test-method> <!-- methodTearDown -->
        <test-method is-config="true" signature="classTearDown()[pri:0, instance:testScript.SubEscrowFetchTest@738dc9b]" started-at="2024-05-17T17:46:49 IST" name="classTearDown" finished-at="2024-05-17T17:46:49 IST" duration-ms="0" status="PASS">
          <reporter-output>
          </reporter-output>
        </test-method> <!-- classTearDown -->
      </class> <!-- testScript.SubEscrowFetchTest -->
    </test> <!-- Default test -->
  </suite> <!-- Default suite -->
</testng-results>
