<?xml version="1.0" encoding="UTF-8"?>
<!-- Generated by org.testng.reporters.JUnitXMLReporter -->
<testsuite ignored="0" hostname="GURU" failures="0" tests="6" name="Default test" time="133.138" errors="0" timestamp="2023-09-26T16:35:15 IST">
  <testcase classname="testScript.CreditTransactionTest" name="creditTransactionRecent" time="25.512"/>
  <testcase classname="testScript.CreditTransactionTest" name="creditTransactionToday" time="8.302"/>
  <testcase classname="testScript.CreditTransactionTest" name="creditTransactionYesterday" time="8.701"/>
  <testcase classname="testScript.CreditTransactionTest" name="creditTransactionLast7Days" time="11.107"/>
  <testcase classname="testScript.CreditTransactionTest" name="creditTransactionLast30Days" time="17.089"/>
  <testcase classname="testScript.CreditTransactionTest" name="creditTransactionCustom" time="52.789"/>
</testsuite> <!-- Default test -->
